# JRE version: OpenJDK Runtime Environment (8.0_242-b01) (build 1.8.0_242-release-1644-b01)
# Java VM: OpenJDK 64-Bit Server VM (25.242-b01 mixed mode windows-amd64 compressed oops)
Heap:
 PSYoungGen      total 537088K, used 202086K [0x00000000d5580000, 0x0000000100000000, 0x0000000100000000)
  eden space 495616K, 40% used [0x00000000d5580000,0x00000000e1ad9b60,0x00000000f3980000)
  from space 41472K, 0% used [0x00000000f3980000,0x00000000f3980000,0x00000000f6200000)
  to   space 38912K, 0% used [0x00000000fda00000,0x00000000fda00000,0x0000000100000000)
 ParOldGen       total 158720K, used 72995K [0x0000000080000000, 0x0000000089b00000, 0x00000000d5580000)
  object space 158720K, 45% used [0x0000000080000000,0x0000000084748d30,0x0000000089b00000)
 Metaspace       used 92493K, capacity 96752K, committed 98200K, reserved 1134592K
  class space    used 12094K, capacity 12935K, committed 13224K, reserved 1048576K
GC Heap History (10 events):
Event: 10.286 GC heap before
{Heap before GC invocations=13 (full 3):
 PSYoungGen      total 392192K, used 17679K [0x00000000d5580000, 0x00000000eee00000, 0x0000000100000000)
  eden space 369664K, 0% used [0x00000000d5580000,0x00000000d5580000,0x00000000ebe80000)
  from space 22528K, 78% used [0x00000000ed600000,0x00000000ee743e88,0x00000000eec00000)
  to   space 24064K, 0% used [0x00000000ebe80000,0x00000000ebe80000,0x00000000ed600000)
 ParOldGen       total 65536K, used 29452K [0x0000000080000000, 0x0000000084000000, 0x00000000d5580000)
  object space 65536K, 44% used [0x0000000080000000,0x0000000081cc3000,0x0000000084000000)
 Metaspace       used 56907K, capacity 59104K, committed 59160K, reserved 1099776K
  class space    used 7472K, capacity 7958K, committed 7976K, reserved 1048576K
Event: 10.564 GC heap after
Heap after GC invocations=13 (full 3):
 PSYoungGen      total 392192K, used 0K [0x00000000d5580000, 0x00000000eee00000, 0x0000000100000000)
  eden space 369664K, 0% used [0x00000000d5580000,0x00000000d5580000,0x00000000ebe80000)
  from space 22528K, 0% used [0x00000000ed600000,0x00000000ed600000,0x00000000eec00000)
  to   space 24064K, 0% used [0x00000000ebe80000,0x00000000ebe80000,0x00000000ed600000)
 ParOldGen       total 92672K, used 32458K [0x0000000080000000, 0x0000000085a80000, 0x00000000d5580000)
  object space 92672K, 35% used [0x0000000080000000,0x0000000081fb2a50,0x0000000085a80000)
 Metaspace       used 56840K, capacity 58876K, committed 59160K, reserved 1099776K
  class space    used 7453K, capacity 7900K, committed 7976K, reserved 1048576K
}
Event: 14.653 GC heap before
{Heap before GC invocations=14 (full 3):
 PSYoungGen      total 392192K, used 369664K [0x00000000d5580000, 0x00000000eee00000, 0x0000000100000000)
  eden space 369664K, 100% used [0x00000000d5580000,0x00000000ebe80000,0x00000000ebe80000)
  from space 22528K, 0% used [0x00000000ed600000,0x00000000ed600000,0x00000000eec00000)
  to   space 24064K, 0% used [0x00000000ebe80000,0x00000000ebe80000,0x00000000ed600000)
 ParOldGen       total 92672K, used 32458K [0x0000000080000000, 0x0000000085a80000, 0x00000000d5580000)
  object space 92672K, 35% used [0x0000000080000000,0x0000000081fb2a50,0x0000000085a80000)
 Metaspace       used 74492K, capacity 78030K, committed 78104K, reserved 1116160K
  class space    used 10124K, capacity 10777K, committed 10792K, reserved 1048576K
Event: 14.699 GC heap after
Heap after GC invocations=14 (full 3):
 PSYoungGen      total 393728K, used 24051K [0x00000000d5580000, 0x00000000f8200000, 0x0000000100000000)
  eden space 369664K, 0% used [0x00000000d5580000,0x00000000d5580000,0x00000000ebe80000)
  from space 24064K, 99% used [0x00000000ebe80000,0x00000000ed5fcc58,0x00000000ed600000)
  to   space 29696K, 0% used [0x00000000f6500000,0x00000000f6500000,0x00000000f8200000)
 ParOldGen       total 92672K, used 38171K [0x0000000080000000, 0x0000000085a80000, 0x00000000d5580000)
  object space 92672K, 41% used [0x0000000080000000,0x0000000082546f10,0x0000000085a80000)
 Metaspace       used 74492K, capacity 78030K, committed 78104K, reserved 1116160K
  class space    used 10124K, capacity 10777K, committed 10792K, reserved 1048576K
}
Event: 66.090 GC heap before
{Heap before GC invocations=15 (full 3):
 PSYoungGen      total 393728K, used 393715K [0x00000000d5580000, 0x00000000f8200000, 0x0000000100000000)
  eden space 369664K, 100% used [0x00000000d5580000,0x00000000ebe80000,0x00000000ebe80000)
  from space 24064K, 99% used [0x00000000ebe80000,0x00000000ed5fcc58,0x00000000ed600000)
  to   space 29696K, 0% used [0x00000000f6500000,0x00000000f6500000,0x00000000f8200000)
 ParOldGen       total 92672K, used 38171K [0x0000000080000000, 0x0000000085a80000, 0x00000000d5580000)
  object space 92672K, 41% used [0x0000000080000000,0x0000000082546f10,0x0000000085a80000)
 Metaspace       used 85757K, capacity 90376K, committed 90648K, reserved 1128448K
  class space    used 11361K, capacity 12224K, committed 12328K, reserved 1048576K
Event: 66.178 GC heap after
Heap after GC invocations=15 (full 3):
 PSYoungGen      total 525312K, used 29670K [0x00000000d5580000, 0x00000000f8a80000, 0x0000000100000000)
  eden space 495616K, 0% used [0x00000000d5580000,0x00000000d5580000,0x00000000f3980000)
  from space 29696K, 99% used [0x00000000f6500000,0x00000000f81f9860,0x00000000f8200000)
  to   space 41472K, 0% used [0x00000000f3980000,0x00000000f3980000,0x00000000f6200000)
 ParOldGen       total 92672K, used 56707K [0x0000000080000000, 0x0000000085a80000, 0x00000000d5580000)
  object space 92672K, 61% used [0x0000000080000000,0x0000000083760f60,0x0000000085a80000)
 Metaspace       used 85757K, capacity 90376K, committed 90648K, reserved 1128448K
  class space    used 11361K, capacity 12224K, committed 12328K, reserved 1048576K
}
Event: 77.705 GC heap before
{Heap before GC invocations=16 (full 3):
 PSYoungGen      total 525312K, used 525286K [0x00000000d5580000, 0x00000000f8a80000, 0x0000000100000000)
  eden space 495616K, 100% used [0x00000000d5580000,0x00000000f3980000,0x00000000f3980000)
  from space 29696K, 99% used [0x00000000f6500000,0x00000000f81f9860,0x00000000f8200000)
  to   space 41472K, 0% used [0x00000000f3980000,0x00000000f3980000,0x00000000f6200000)
 ParOldGen       total 92672K, used 56707K [0x0000000080000000, 0x0000000085a80000, 0x00000000d5580000)
  object space 92672K, 61% used [0x0000000080000000,0x0000000083760f60,0x0000000085a80000)
 Metaspace       used 91044K, capacity 96228K, committed 96408K, reserved 1132544K
  class space    used 11954K, capacity 12920K, committed 12968K, reserved 1048576K
Event: 77.758 GC heap after
Heap after GC invocations=16 (full 3):
 PSYoungGen      total 537088K, used 14269K [0x00000000d5580000, 0x0000000100000000, 0x0000000100000000)
  eden space 495616K, 0% used [0x00000000d5580000,0x00000000d5580000,0x00000000f3980000)
  from space 41472K, 34% used [0x00000000f3980000,0x00000000f476f7b0,0x00000000f6200000)
  to   space 38912K, 0% used [0x00000000fda00000,0x00000000fda00000,0x0000000100000000)
 ParOldGen       total 92672K, used 80316K [0x0000000080000000, 0x0000000085a80000, 0x00000000d5580000)
  object space 92672K, 86% used [0x0000000080000000,0x0000000084e6f088,0x0000000085a80000)
 Metaspace       used 91044K, capacity 96228K, committed 96408K, reserved 1132544K
  class space    used 11954K, capacity 12920K, committed 12968K, reserved 1048576K
}
Event: 77.758 GC heap before
{Heap before GC invocations=17 (full 4):
 PSYoungGen      total 537088K, used 14269K [0x00000000d5580000, 0x0000000100000000, 0x0000000100000000)
  eden space 495616K, 0% used [0x00000000d5580000,0x00000000d5580000,0x00000000f3980000)
  from space 41472K, 34% used [0x00000000f3980000,0x00000000f476f7b0,0x00000000f6200000)
  to   space 38912K, 0% used [0x00000000fda00000,0x00000000fda00000,0x0000000100000000)
 ParOldGen       total 92672K, used 80316K [0x0000000080000000, 0x0000000085a80000, 0x00000000d5580000)
  object space 92672K, 86% used [0x0000000080000000,0x0000000084e6f088,0x0000000085a80000)
 Metaspace       used 91044K, capacity 96228K, committed 96408K, reserved 1132544K
  class space    used 11954K, capacity 12920K, committed 12968K, reserved 1048576K
Event: 78.027 GC heap after
Heap after GC invocations=17 (full 4):
 PSYoungGen      total 537088K, used 0K [0x00000000d5580000, 0x0000000100000000, 0x0000000100000000)
  eden space 495616K, 0% used [0x00000000d5580000,0x00000000d5580000,0x00000000f3980000)
  from space 41472K, 0% used [0x00000000f3980000,0x00000000f3980000,0x00000000f6200000)
  to   space 38912K, 0% used [0x00000000fda00000,0x00000000fda00000,0x0000000100000000)
 ParOldGen       total 158720K, used 72995K [0x0000000080000000, 0x0000000089b00000, 0x00000000d5580000)
  object space 158720K, 45% used [0x0000000080000000,0x0000000084748d30,0x0000000089b00000)
 Metaspace       used 90474K, capacity 94580K, committed 96408K, reserved 1132544K
  class space    used 11771K, capacity 12596K, committed 12968K, reserved 1048576K
}

