# JRE version: OpenJDK Runtime Environment (8.0_242-b01) (build 1.8.0_242-release-1644-b01)
# Java VM: OpenJDK 64-Bit Server VM (25.242-b01 mixed mode windows-amd64 compressed oops)
Heap:
 PSYoungGen      total 456192K, used 58659K [0x00000000d5580000, 0x00000000f5200000, 0x0000000100000000)
  eden space 399360K, 6% used [0x00000000d5580000,0x00000000d6f03230,0x00000000edb80000)
  from space 56832K, 57% used [0x00000000f1480000,0x00000000f3445b30,0x00000000f4c00000)
  to   space 58368K, 0% used [0x00000000edb80000,0x00000000edb80000,0x00000000f1480000)
 ParOldGen       total 272384K, used 93941K [0x0000000080000000, 0x0000000090a00000, 0x00000000d5580000)
  object space 272384K, 34% used [0x0000000080000000,0x0000000085bbd420,0x0000000090a00000)
 Metaspace       used 103210K, capacity 110108K, committed 110232K, reserved 1144832K
  class space    used 13483K, capacity 14728K, committed 14760K, reserved 1048576K
GC Heap History (10 events):
Event: 489.411 GC heap before
{Heap before GC invocations=29 (full 5):
 PSYoungGen      total 367616K, used 303276K [0x00000000d5580000, 0x00000000f3400000, 0x0000000100000000)
  eden space 299520K, 100% used [0x00000000d5580000,0x00000000e7a00000,0x00000000e7a00000)
  from space 68096K, 5% used [0x00000000e7a00000,0x00000000e7dab370,0x00000000ebc80000)
  to   space 67072K, 0% used [0x00000000ef280000,0x00000000ef280000,0x00000000f3400000)
 ParOldGen       total 272384K, used 93901K [0x0000000080000000, 0x0000000090a00000, 0x00000000d5580000)
  object space 272384K, 34% used [0x0000000080000000,0x0000000085bb3420,0x0000000090a00000)
 Metaspace       used 99222K, capacity 104620K, committed 105112K, reserved 1140736K
  class space    used 13013K, capacity 14032K, committed 14248K, reserved 1048576K
Event: 489.427 GC heap after
Heap after GC invocations=29 (full 5):
 PSYoungGen      total 400384K, used 10640K [0x00000000d5580000, 0x00000000f2680000, 0x0000000100000000)
  eden space 347136K, 0% used [0x00000000d5580000,0x00000000d5580000,0x00000000ea880000)
  from space 53248K, 19% used [0x00000000ef280000,0x00000000efce4030,0x00000000f2680000)
  to   space 64512K, 0% used [0x00000000ea880000,0x00000000ea880000,0x00000000ee780000)
 ParOldGen       total 272384K, used 93909K [0x0000000080000000, 0x0000000090a00000, 0x00000000d5580000)
  object space 272384K, 34% used [0x0000000080000000,0x0000000085bb5420,0x0000000090a00000)
 Metaspace       used 99222K, capacity 104620K, committed 105112K, reserved 1140736K
  class space    used 13013K, capacity 14032K, committed 14248K, reserved 1048576K
}
Event: 654.142 GC heap before
{Heap before GC invocations=30 (full 5):
 PSYoungGen      total 400384K, used 357776K [0x00000000d5580000, 0x00000000f2680000, 0x0000000100000000)
  eden space 347136K, 100% used [0x00000000d5580000,0x00000000ea880000,0x00000000ea880000)
  from space 53248K, 19% used [0x00000000ef280000,0x00000000efce4030,0x00000000f2680000)
  to   space 64512K, 0% used [0x00000000ea880000,0x00000000ea880000,0x00000000ee780000)
 ParOldGen       total 272384K, used 93909K [0x0000000080000000, 0x0000000090a00000, 0x00000000d5580000)
  object space 272384K, 34% used [0x0000000080000000,0x0000000085bb5420,0x0000000090a00000)
 Metaspace       used 99454K, capacity 104816K, committed 105112K, reserved 1140736K
  class space    used 13025K, capacity 14054K, committed 14248K, reserved 1048576K
Event: 654.161 GC heap after
Heap after GC invocations=30 (full 5):
 PSYoungGen      total 411648K, used 11840K [0x00000000d5580000, 0x00000000f4380000, 0x0000000100000000)
  eden space 347136K, 0% used [0x00000000d5580000,0x00000000d5580000,0x00000000ea880000)
  from space 64512K, 18% used [0x00000000ea880000,0x00000000eb410040,0x00000000ee780000)
  to   space 61952K, 0% used [0x00000000f0700000,0x00000000f0700000,0x00000000f4380000)
 ParOldGen       total 272384K, used 93917K [0x0000000080000000, 0x0000000090a00000, 0x00000000d5580000)
  object space 272384K, 34% used [0x0000000080000000,0x0000000085bb7420,0x0000000090a00000)
 Metaspace       used 99454K, capacity 104816K, committed 105112K, reserved 1140736K
  class space    used 13025K, capacity 14054K, committed 14248K, reserved 1048576K
}
Event: 1103.800 GC heap before
{Heap before GC invocations=31 (full 5):
 PSYoungGen      total 411648K, used 358976K [0x00000000d5580000, 0x00000000f4380000, 0x0000000100000000)
  eden space 347136K, 100% used [0x00000000d5580000,0x00000000ea880000,0x00000000ea880000)
  from space 64512K, 18% used [0x00000000ea880000,0x00000000eb410040,0x00000000ee780000)
  to   space 61952K, 0% used [0x00000000f0700000,0x00000000f0700000,0x00000000f4380000)
 ParOldGen       total 272384K, used 93917K [0x0000000080000000, 0x0000000090a00000, 0x00000000d5580000)
  object space 272384K, 34% used [0x0000000080000000,0x0000000085bb7420,0x0000000090a00000)
 Metaspace       used 100572K, capacity 107074K, committed 107288K, reserved 1142784K
  class space    used 13184K, capacity 14343K, committed 14376K, reserved 1048576K
Event: 1103.820 GC heap after
Heap after GC invocations=31 (full 5):
 PSYoungGen      total 426496K, used 9468K [0x00000000d5580000, 0x00000000f3880000, 0x0000000100000000)
  eden space 375808K, 0% used [0x00000000d5580000,0x00000000d5580000,0x00000000ec480000)
  from space 50688K, 18% used [0x00000000f0700000,0x00000000f103f238,0x00000000f3880000)
  to   space 59392K, 0% used [0x00000000ec480000,0x00000000ec480000,0x00000000efe80000)
 ParOldGen       total 272384K, used 93925K [0x0000000080000000, 0x0000000090a00000, 0x00000000d5580000)
  object space 272384K, 34% used [0x0000000080000000,0x0000000085bb9420,0x0000000090a00000)
 Metaspace       used 100572K, capacity 107074K, committed 107288K, reserved 1142784K
  class space    used 13184K, capacity 14343K, committed 14376K, reserved 1048576K
}
Event: 2013.168 GC heap before
{Heap before GC invocations=32 (full 5):
 PSYoungGen      total 426496K, used 385276K [0x00000000d5580000, 0x00000000f3880000, 0x0000000100000000)
  eden space 375808K, 100% used [0x00000000d5580000,0x00000000ec480000,0x00000000ec480000)
  from space 50688K, 18% used [0x00000000f0700000,0x00000000f103f238,0x00000000f3880000)
  to   space 59392K, 0% used [0x00000000ec480000,0x00000000ec480000,0x00000000efe80000)
 ParOldGen       total 272384K, used 93925K [0x0000000080000000, 0x0000000090a00000, 0x00000000d5580000)
  object space 272384K, 34% used [0x0000000080000000,0x0000000085bb9420,0x0000000090a00000)
 Metaspace       used 102967K, capacity 109788K, committed 109976K, reserved 1144832K
  class space    used 13445K, capacity 14636K, committed 14760K, reserved 1048576K
Event: 2013.195 GC heap after
Heap after GC invocations=32 (full 5):
 PSYoungGen      total 435200K, used 11772K [0x00000000d5580000, 0x00000000f4c00000, 0x0000000100000000)
  eden space 375808K, 0% used [0x00000000d5580000,0x00000000d5580000,0x00000000ec480000)
  from space 59392K, 19% used [0x00000000ec480000,0x00000000ecfff1e0,0x00000000efe80000)
  to   space 56832K, 0% used [0x00000000f1480000,0x00000000f1480000,0x00000000f4c00000)
 ParOldGen       total 272384K, used 93933K [0x0000000080000000, 0x0000000090a00000, 0x00000000d5580000)
  object space 272384K, 34% used [0x0000000080000000,0x0000000085bbb420,0x0000000090a00000)
 Metaspace       used 102967K, capacity 109788K, committed 109976K, reserved 1144832K
  class space    used 13445K, capacity 14636K, committed 14760K, reserved 1048576K
}
Event: 2018.239 GC heap before
{Heap before GC invocations=33 (full 5):
 PSYoungGen      total 435200K, used 387580K [0x00000000d5580000, 0x00000000f4c00000, 0x0000000100000000)
  eden space 375808K, 99% used [0x00000000d5580000,0x00000000ec47fe70,0x00000000ec480000)
  from space 59392K, 19% used [0x00000000ec480000,0x00000000ecfff1e0,0x00000000efe80000)
  to   space 56832K, 0% used [0x00000000f1480000,0x00000000f1480000,0x00000000f4c00000)
 ParOldGen       total 272384K, used 93933K [0x0000000080000000, 0x0000000090a00000, 0x00000000d5580000)
  object space 272384K, 34% used [0x0000000080000000,0x0000000085bbb420,0x0000000090a00000)
 Metaspace       used 103201K, capacity 110108K, committed 110232K, reserved 1144832K
  class space    used 13483K, capacity 14728K, committed 14760K, reserved 1048576K
Event: 2018.317 GC heap after
Heap after GC invocations=33 (full 5):
 PSYoungGen      total 456192K, used 32534K [0x00000000d5580000, 0x00000000f5200000, 0x0000000100000000)
  eden space 399360K, 0% used [0x00000000d5580000,0x00000000d5580000,0x00000000edb80000)
  from space 56832K, 57% used [0x00000000f1480000,0x00000000f3445b30,0x00000000f4c00000)
  to   space 58368K, 0% used [0x00000000edb80000,0x00000000edb80000,0x00000000f1480000)
 ParOldGen       total 272384K, used 93941K [0x0000000080000000, 0x0000000090a00000, 0x00000000d5580000)
  object space 272384K, 34% used [0x0000000080000000,0x0000000085bbd420,0x0000000090a00000)
 Metaspace       used 103201K, capacity 110108K, committed 110232K, reserved 1144832K
  class space    used 13483K, capacity 14728K, committed 14760K, reserved 1048576K
}

